"../../../../../Unreal Engine Project/MindGamesVR/Content/Geometry/ladder/Farba_-_Biel_tyt.uasset" 0
"../../../../../Unreal Engine Project/MindGamesVR/Content/Geometry/ladder/Kid_ladder_Object_5.uasset" 1
"../../../../../Unreal Engine Project/MindGamesVR/Content/Geometry/ladder/Drewno_-_Db_jas.uasset" 2
"../../../../../Unreal Engine Project/MindGamesVR/Content/Geometry/ladder/Kid_ladder_Object_7.uasset" 3
"../../../../../Unreal Engine Project/MindGamesVR/Content/Geometry/Meshes/CubeMaterial.uasset" 4
"../../../../../Unreal Engine Project/MindGamesVR/Content/Geometry/Meshes/1M_Cube_Chamfer.uasset" 5
"../../../../../Unreal Engine Project/MindGamesVR/Content/Geometry/Meshes/TemplateFloor.uasset" 6
"../../../../../Unreal Engine Project/MindGamesVR/Content/VirtualRealityBP/Blueprints/PickupActorInterface.uasset" 7
"../../../../../Unreal Engine Project/MindGamesVR/Content/VirtualReality/Materials/M_BaseMaterial.uasset" 8
"../../../../../Unreal Engine Project/MindGamesVR/Content/VirtualReality/Materials/MI_SmallCubes.uasset" 9
"../../../../../Unreal Engine Project/MindGamesVR/Content/Geometry/Meshes/1M_Cube.uasset" 10
"../../../../../Unreal Engine Project/MindGamesVR/Content/VirtualRealityBP/Blueprints/BP_PickupCube.uasset" 11
"../../../Engine/Content/EngineMaterials/T_Default_Material_Grid_N.uasset" 12
"../../../Engine/Content/EngineMaterials/T_Default_Material_Grid_M.uasset" 13
"../../../Engine/Content/Functions/Engine_MaterialFunctions01/Opacity/CameraDepthFade.uasset" 14
"../../../Engine/Content/EngineMaterials/DefaultMaterial.uasset" 15
"../../../Engine/Content/EngineMeshes/Cylinder.uasset" 16
"../../../../../Unreal Engine Project/MindGamesVR/Content/VirtualRealityBP/Blueprints/Climbing.uasset" 17
"../../../../../Unreal Engine Project/MindGamesVR/Content/VirtualRealityBP/Blueprints/BP_PickupCube1.uasset" 18
"../../../Engine/Content/Animation/DefaultAnimBoneCompressionSettings.uasset" 19
"../../../Engine/Content/Animation/DefaultAnimCurveCompressionSettings.uasset" 20
"../../../Engine/Content/EngineMaterials/WorldGridMaterial.uasset" 21
"../../../Engine/Content/ArtTools/RenderToTexture/Meshes/S_1_Unit_Plane.uasset" 22
"../../../Engine/Content/BasicShapes/Cone.uasset" 23
"../../../Engine/Content/BasicShapes/Cube.uasset" 24
"../../../Engine/Content/BasicShapes/Plane.uasset" 25
"../../../Engine/Content/EditorLandscapeResources/DataLayer.uasset" 26
"../../../Engine/Content/EditorLandscapeResources/DefaultAlphaTexture.uasset" 27
"../../../Engine/Content/EditorMaterials/MAT_Groups_Toggle.uasset" 28
"../../../Engine/Content/EditorMaterials/MAT_Groups_Visibility.uasset" 29
"../../../Engine/Content/EditorMaterials/PreviewShadowIndicator.uasset" 30
"../../../Engine/Content/EditorMaterials/PreviewShadowIndicatorMaterial.uasset" 31
"../../../Engine/Content/EditorMaterials/MatineeGroups/MAT_ColorTrack.uasset" 32
"../../../Engine/Content/EditorMaterials/MatineeGroups/MAT_Groups_Anim.uasset" 33
"../../../Engine/Content/EditorMaterials/MatineeGroups/MAT_Groups_AudioMaster.uasset" 34
"../../../Engine/Content/EditorMaterials/MatineeGroups/MAT_Groups_Director.uasset" 35
"../../../Engine/Content/EditorMaterials/MatineeGroups/MAT_Groups_Event.uasset" 36
"../../../Engine/Content/EditorMaterials/MatineeGroups/MAT_Groups_Fade.uasset" 37
"../../../Engine/Content/EditorMaterials/MatineeGroups/MAT_Groups_Float.uasset" 38
"../../../Engine/Content/EditorMaterials/MatineeGroups/MAT_Groups_Move.uasset" 39
"../../../Engine/Content/EditorMaterials/MatineeGroups/MAT_Groups_Slomo.uasset" 40
"../../../Engine/Content/EditorMaterials/MatineeGroups/MAT_Groups_Sound.uasset" 41
"../../../Engine/Content/EditorMaterials/MatineeGroups/MAT_Groups_Vector.uasset" 42
"../../../Engine/Content/EditorMaterials/ParticleSystems/PSysThumbnail_NoImage.uasset" 43
"../../../Engine/Content/EditorMaterials/ParticleSystems/PSysThumbnail_OOD.uasset" 44
"../../../Engine/Content/EditorMaterials/Camera/CineMat.uasset" 45
"../../../Engine/Content/EditorMaterials/Camera/MI_CineMat_Rig.uasset" 46
"../../../Engine/Content/EditorMeshes/Camera/SM_CraneRig_Arm.uasset" 47
"../../../Engine/Content/EditorMeshes/Camera/SM_CraneRig_Base.uasset" 48
"../../../Engine/Content/EditorMeshes/Camera/SM_CraneRig_Body.uasset" 49
"../../../Engine/Content/EditorMeshes/Camera/SM_CraneRig_Mount.uasset" 50
"../../../Engine/Content/EditorMeshes/Camera/SM_RailRig_Mount.uasset" 51
"../../../Engine/Content/EditorMeshes/Camera/SM_RailRig_Track.uasset" 52
"../../../Engine/Content/EditorResources/BSPVertex.uasset" 53
"../../../Engine/Content/EditorResources/EmptyActor.uasset" 54
"../../../Engine/Content/EditorResources/S_Actor.uasset" 55
"../../../Engine/Content/EditorResources/S_Note.uasset" 56
"../../../Engine/Content/EditorResources/S_Solver.uasset" 57
"../../../Engine/Content/EditorResources/S_Terrain.uasset" 58
"../../../Engine/Content/EditorResources/S_Trigger.uasset" 59
"../../../Engine/Content/EditorResources/LightIcons/S_LightError.uasset" 60
"../../../Engine/Content/EditorResources/SequenceRecorder/Countdown.uasset" 61
"../../../Engine/Content/EditorResources/SequenceRecorder/RecordingIndicator.uasset" 62
"../../../Engine/Content/EngineDamageTypes/DmgTypeBP_Environmental.uasset" 63
"../../../Engine/Content/EngineDebugMaterials/DebugEditorMaterial.uasset" 64
"../../../Engine/Content/EngineDebugMaterials/DebugMeshMaterial.uasset" 65
"../../../Engine/Content/EngineDebugMaterials/M_SimpleUnlitTranslucent.uasset" 66
"../../../Engine/Content/EngineDebugMaterials/VolumeToRender.uasset" 67
"../../../Engine/Content/Functions/Engine_MaterialFunctions02/Utility/CameraDirectionVector.uasset" 68
"../../../Engine/Content/EngineDebugMaterials/M_VolumeRenderSphereTracePP.uasset" 69
"../../../Engine/Content/Functions/Engine_MaterialFunctions01/Shading/ConvertFromDiffSpec.uasset" 70
"../../../Engine/Content/EngineDebugMaterials/VertexColorMaterial.uasset" 71
"../../../Engine/Content/EngineDebugMaterials/WireframeMaterial.uasset" 72
"../../../Engine/Content/EngineFonts/Faces/RobotoRegular.uasset" 73
"../../../Engine/Content/EngineFonts/Faces/RobotoLight.uasset" 74
"../../../Engine/Content/EngineFonts/Faces/RobotoItalic.uasset" 75
"../../../Engine/Content/EngineFonts/Faces/RobotoBoldItalic.uasset" 76
"../../../Engine/Content/EngineFonts/Faces/RobotoBold.uasset" 77
"../../../Engine/Content/EngineFonts/Faces/DroidSansFallback.uasset" 78
"../../../Engine/Content/EngineFonts/Roboto.uasset" 79
"../../../Engine/Content/EngineMaterials/BaseFlattenNormalMap.uasset" 80
"../../../Engine/Content/EngineMaterials/BaseFlattenGrayscaleMap.uasset" 81
"../../../Engine/Content/EngineMaterials/BaseFlattenEmissiveMap.uasset" 82
"../../../Engine/Content/EngineMaterials/BaseFlattenDiffuseMap.uasset" 83
"../../../Engine/Content/EngineMaterials/BaseFlattenMaterial.uasset" 84
"../../../Engine/Content/EngineMaterials/BlueNoise.uasset" 85
"../../../Engine/Content/EngineMaterials/DefaultBloomKernel.uasset" 86
"../../../Engine/Content/EngineMaterials/DefaultBokeh.uasset" 87
"../../../Engine/Content/EngineMaterials/DefaultDiffuse.uasset" 88
"../../../Engine/Content/EngineMaterials/DefaultDeferredDecalMaterial.uasset" 89
"../../../Engine/Content/EngineMaterials/DefaultLightFunctionMaterial.uasset" 90
"../../../Engine/Content/EngineMaterials/DefaultPhysicalMaterial.uasset" 91
"../../../Engine/Content/Functions/Engine_MaterialFunctions02/Utility/BreakOutFloat2Components.uasset" 92
"../../../Engine/Content/EngineMaterials/DefaultPostProcessMaterial.uasset" 93
"../../../Engine/Content/EngineFonts/RobotoDistanceField.uasset" 94
"../../../Engine/Content/EngineMaterials/DefaultTextMaterialOpaque.uasset" 95
"../../../Engine/Content/EngineMaterials/DefaultWhiteGrid.uasset" 96
"../../../Engine/Content/EngineMaterials/DefaultWhiteGrid_Low.uasset" 97
"../../../Engine/Content/EngineMaterials/EmissiveMeshMaterial.uasset" 98
"../../../Engine/Content/EngineMaterials/GizmoMaterial.uasset" 99
"../../../Engine/Content/EngineMaterials/MiniFont.uasset" 100
"../../../Engine/Content/EngineMaterials/InvalidLightmapSettings.uasset" 101
"../../../Engine/Content/EngineMaterials/M_InvalidLightmapSettings.uasset" 102
"../../../Engine/Content/Functions/Engine_MaterialFunctions02/WorldPositionOffset/CameraOffset.uasset" 103
"../../../Engine/Content/EngineMaterials/PhAT_JointLimitMaterial.uasset" 104
"../../../Engine/Content/EngineMaterials/PreintegratedSkinBRDF.uasset" 105
"../../../Engine/Content/EngineMaterials/RemoveSurfaceMaterial.uasset" 106
"../../../Engine/Content/EngineMaterials/WeightMapPlaceholderTexture.uasset" 107
"../../../Engine/Content/EngineResources/WhiteSquareTexture.uasset" 108
"../../../Engine/Content/EngineMaterials/Widget3DPassThrough.uasset" 109
"../../../Engine/Content/EngineMaterials/Widget3DPassThrough_Masked.uasset" 110
"../../../Engine/Content/EngineMaterials/Widget3DPassThrough_Opaque.uasset" 111
"../../../Engine/Content/EngineMaterials/Widget3DPassThrough_Masked_OneSided.uasset" 112
"../../../Engine/Content/EngineMaterials/Widget3DPassThrough_Opaque_OneSided.uasset" 113
"../../../Engine/Content/EngineMaterials/Widget3DPassThrough_Translucent.uasset" 114
"../../../Engine/Content/EngineMaterials/Widget3DPassThrough_Translucent_OneSided.uasset" 115
"../../../Engine/Content/EngineMeshes/Sphere.uasset" 116
"../../../Engine/Content/EngineResources/Black.uasset" 117
"../../../Engine/Content/EngineResources/DefaultTextureCube.uasset" 118
"../../../Engine/Content/EngineResources/DefaultVolumeTexture2D.uasset" 119
"../../../Engine/Content/EngineResources/DefaultVolumeTexture.uasset" 120
"../../../Engine/Content/EngineResources/GradientTexture0.uasset" 121
"../../../Engine/Content/EngineSky/VolumetricClouds/T_NoiseShape64.uasset" 122
"../../../Engine/Content/EngineSky/VolumetricClouds/T_VolumeNoiseShape64.uasset" 123
"../../../Engine/Content/EngineSky/VolumetricClouds/T_NoiseErosion.uasset" 124
"../../../Engine/Content/EngineSky/VolumetricClouds/T_VolumeNoiseErosion32.uasset" 125
"../../../Engine/Content/EngineSky/VolumetricClouds/CloudWeatherTexture.uasset" 126
"../../../Engine/Content/EngineSky/VolumetricClouds/CloudGradientTexture.uasset" 127
"../../../Engine/Content/Functions/Engine_MaterialFunctions02/Utility/MakeFloat2.uasset" 128
"../../../Engine/Content/EngineSky/VolumetricClouds/m_SimpleVolumetricCloud.uasset" 129
"../../../Engine/Content/EngineSky/VolumetricClouds/m_SimpleVolumetricCloud_Inst.uasset" 130
"../../../Engine/Content/EngineSounds/Master.uasset" 131
"../../../Engine/Content/Functions/Engine_MaterialFunctions01/Shading/PowerToRoughness.uasset" 132
"../../../Engine/Content/Maps/Templates/Thumbnails/Default.uasset" 133
"../../../Engine/Content/Maps/Templates/Thumbnails/TimeOfDay.uasset" 134
"../../../Engine/Content/Maps/Templates/Thumbnails/VR-Basic.uasset" 135
"../../../Engine/Content/MobileResources/T_MobileControls_texture.uasset" 136
"../../../Engine/Content/MobileResources/T_MobileMenu2.uasset" 137
"../../../Engine/Content/MobileResources/HUD/AnalogHat.uasset" 138
"../../../Engine/Content/MobileResources/HUD/VirtualJoystick_Thumb.uasset" 139
"../../../Engine/Content/MobileResources/HUD/VirtualJoystick_Background.uasset" 140
"../../../Engine/Content/MobileResources/HUD/DefaultVirtualJoysticks.uasset" 141
"../../../Engine/Content/MobileResources/HUD/LeftVirtualJoystickOnly.uasset" 142
"../../../Engine/Content/MobileResources/HUD/MobileHUDButton1_off.uasset" 143
"../../../Engine/Content/MobileResources/HUD/MobileHUDButton1_on.uasset" 144
"../../../Engine/Content/MobileResources/HUD/MobileHUDButton2_off.uasset" 145
"../../../Engine/Content/MobileResources/HUD/MobileHUDButton2_on.uasset" 146
"../../../Engine/Content/MobileResources/HUD/MobileHUDButton3.uasset" 147
"../../../Engine/Content/MobileResources/HUD/MobileHUDButtonFire.uasset" 148
"../../../Engine/Content/MobileResources/HUD/MobileHUDDirectionPad.uasset" 149
"../../../Engine/Content/MobileResources/HUD/MobileHUDDirectionPad2.uasset" 150
"../../../Engine/Content/MobileResources/HUD/MobileHUDDirectionPad3.uasset" 151
"../../../Engine/Content/MobileResources/HUD/MobileHUDDirectionStick.uasset" 152
"../../../Engine/Content/MobileResources/HUD/T_Castle_ThumbstickInner.uasset" 153
"../../../Engine/Content/MobileResources/HUD/T_Castle_ThumbstickOutter.uasset" 154
"../../../Engine/Content/Tutorial/ContentIntroCurve.uasset" 155
"../../../Engine/Content/Tutorial/Basics/LevelEditorAttract.uasset" 156
"../../../Engine/Content/Tutorial/Basics/TutorialAssets/icon_tab_Levels_40x.uasset" 157
"../../../Engine/Content/Tutorial/Basics/LevelEditorOverview.uasset" 158
"../../../Engine/Content/Tutorial/Installation/InstallingVisualStudioTutorial.uasset" 159
"../../../Engine/Content/Tutorial/SubEditors/MaterialEditorTutorial.uasset" 160
"../../../Engine/Content/Tutorial/SubEditors/TutorialAssets/TutorialMaterial.uasset" 161
"../../../Engine/Content/VREditor/TransformGizmo/TranslucentTransformGizmoMaterial.uasset" 162
"../../../Engine/Content/VREditor/LaserPointer/VR_LaserPower_01.uasset" 163
"../../../Engine/Content/VREditor/TransformGizmo/TransformGizmoMaterial.uasset" 164
"../../../Engine/Content/VREditor/TransformGizmo/BoundingBoxCorner.uasset" 165
"../../../Engine/Content/VREditor/TransformGizmo/BoundingBoxEdge.uasset" 166
"../../../Engine/Content/VREditor/TransformGizmo/PlaneTranslationHandle.uasset" 167
"../../../Engine/Content/VREditor/TransformGizmo/Xray.uasset" 168
"../../../Engine/Content/VREditor/TransformGizmo/Main.uasset" 169
"../../../Engine/Content/VREditor/TransformGizmo/SM_Sequencer_Key.uasset" 170
"../../../Engine/Content/VREditor/TransformGizmo/SM_Sequencer_Node.uasset" 171
"../../Plugins/2D/Paper2D/Content/PlaceholderTextures/DummySpriteTexture.uasset" 172
"../../Plugins/2D/Paper2D/Content/DummySprite.uasset" 173
"../../Plugins/2D/Paper2D/Content/DefaultPaperTerrainMaterial.uasset" 174
"../../Plugins/2D/Paper2D/Content/DefaultSpriteMaterial.uasset" 175
"../../Plugins/2D/Paper2D/Content/MaskedUnlitSpriteMaterial.uasset" 176
"../../Plugins/2D/Paper2D/Content/OpaqueUnlitSpriteMaterial.uasset" 177
"../../../Engine/Content/Functions/Engine_MaterialFunctions02/Utility/BreakOutFloat3Components.uasset" 178
"../../Plugins/Editor/SpeedTreeImporter/Content/SpeedTree9/UnpackInteger3.uasset" 179
"../../Plugins/Editor/SpeedTreeImporter/Content/SpeedTree9/UnpackDirection.uasset" 180
"../../Plugins/Editor/SpeedTreeImporter/Content/SpeedTree9/game_wind_noise.uasset" 181
"../../../Engine/Content/Functions/Engine_MaterialFunctions02/SafeNormalize.uasset" 182
"../../Plugins/Editor/SpeedTreeImporter/Content/SpeedTree9/SpeedTreeWindMotion.uasset" 183
"../../Plugins/Editor/SpeedTreeImporter/Content/SpeedTree9/SpeedTreeBranchMotion.uasset" 184
"../../../Engine/Content/Functions/Engine_MaterialFunctions02/ObjectLocalBounds.uasset" 185
"../../../Engine/Content/Functions/Engine_MaterialFunctions02/UVs/BoundingBoxBased_0-1_UVW.uasset" 186
"../../Plugins/Editor/SpeedTreeImporter/Content/SpeedTree9/SpeedTreeWind.uasset" 187
"../../Plugins/Editor/SpeedTreeImporter/Content/SpeedTree9/SpeedTreeBillboard.uasset" 188
"../../../Engine/Content/EngineResources/DefaultTexture.uasset" 189
"../../Plugins/Editor/SpeedTreeImporter/Content/SpeedTree9/SpeedTreeBillboardMaster.uasset" 190
"../../Plugins/Editor/SpeedTreeImporter/Content/SpeedTree9/SpeedTreeCameraFacing.uasset" 191
"../../Plugins/Editor/SpeedTreeImporter/Content/SpeedTree9/SpeedTreeMaster.uasset" 192
"../../../Engine/Content/ArtTools/RenderToTexture/Materials/Debug/M_Emissive_Color.uasset" 193
"../../../Engine/Content/BasicShapes/Cylinder.uasset" 194
"../../Plugins/Lumin/MagicLeapPassableWorld/Content/MagicLeapARPinInfoActor.uasset" 195
"../../../Engine/Content/Functions/Engine_MaterialFunctions02/Utility/BreakOutFloat4Components.uasset" 196
"../../../Engine/Content/Functions/Engine_MaterialFunctions02/Utility/MakeFloat3.uasset" 197
"../../Plugins/Runtime/Oculus/OculusVR/Content/Materials/OculusMR_ChromaKey.uasset" 198
"../../Plugins/Runtime/Oculus/OculusVR/Content/Materials/OculusMR_OpaqueColoredMaterial.uasset" 199
"../../Plugins/Runtime/Oculus/OculusVR/Content/Materials/PokeAHoleMaterial.uasset" 200
"../../../Engine/Content/EngineSky/T_Sky_Stars.uasset" 201
"../../../Engine/Content/EngineSky/T_Sky_Clouds_M.uasset" 202
"../../../Engine/Content/EngineSky/T_Sky_Blue.uasset" 203
"../../../Engine/Content/EngineSky/M_Sky_Panning_Clouds2.uasset" 204
"../../../../../Unreal Engine Project/MindGamesVR/Content/VirtualRealityBP/Maps/HMDLocomotionMap_BuiltData.uasset" 205
"../../../Engine/Content/EngineSky/SM_SkySphere.uasset" 206
"../../../Engine/Content/EngineSky/C_Sky_Zenith_Color.uasset" 207
"../../../Engine/Content/EngineSky/C_Sky_Horizon_Color.uasset" 208
"../../../Engine/Content/EngineSky/C_Sky_Cloud_Color.uasset" 209
"../../../Engine/Content/EditorBlueprintResources/StandardMacros.uasset" 210
"../../../Engine/Content/EngineSky/BP_Sky_Sphere.uasset" 211
"../../../../../Unreal Engine Project/MindGamesVR/Content/VirtualReality/Meshes/SM_FatCylinder.uasset" 212
"../../../../../Unreal Engine Project/MindGamesVR/Content/VirtualReality/Meshes/BeaconDirection.uasset" 213
"../../../Engine/Content/EngineMaterials/Good64x64TilingNoiseHighFreq.uasset" 214
"../../../../../Unreal Engine Project/MindGamesVR/Content/VirtualReality/Materials/TeleportMCP.uasset" 215
"../../../Engine/Content/Functions/Engine_MaterialFunctions02/ScreenResolution.uasset" 216
"../../../Engine/Content/Functions/Engine_MaterialFunctions01/Texturing/ScaleUVsByCenter.uasset" 217
"../../../Engine/Content/Functions/Engine_MaterialFunctions02/Texturing/ScreenAlignedUVs.uasset" 218
"../../../Engine/Content/Functions/Engine_MaterialFunctions02/Utility/DepthFromWorldPosition.uasset" 219
"../../../../../Unreal Engine Project/MindGamesVR/Content/VirtualReality/Materials/MF_OccludedPixels.uasset" 220
"../../../../../Unreal Engine Project/MindGamesVR/Content/VirtualReality/Materials/M_ArcEndpoint.uasset" 221
"../../../../../Unreal Engine Project/MindGamesVR/Content/VirtualReality/Materials/M_TeleportPreviews.uasset" 222
"../../../../../Unreal Engine Project/MindGamesVR/Content/VirtualReality/Materials/MI_TeleportCylinderPreview.uasset" 223
"../../../../../Unreal Engine Project/MindGamesVR/Content/VirtualRealityBP/Blueprints/HMDLocomotionPawn.uasset" 224
"../../../../../Unreal Engine Project/MindGamesVR/Content/VirtualReality/Materials/MI_BaseMaterial3.uasset" 225
"../../../../../Unreal Engine Project/MindGamesVR/Content/VirtualReality/Materials/MI_BaseMaterial2.uasset" 226
"../../../../../Unreal Engine Project/MindGamesVR/Content/VirtualRealityBP/Maps/HMDLocomotionMap.umap" 227
"../../../../../Unreal Engine Project/MindGamesVR/Content/VirtualRealityBP/Maps/MotionControllerMap_BuiltData.uasset" 228
"../../../Engine/Content/BasicShapes/Sphere.uasset" 229
"../../../../../Unreal Engine Project/MindGamesVR/Content/VirtualRealityBP/Blueprints/MotionControllerHaptics.uasset" 230
"../../../../../Unreal Engine Project/MindGamesVR/Content/VirtualReality/Meshes/BeamMesh.uasset" 231
"../../../../../Unreal Engine Project/MindGamesVR/Content/VirtualReality/Meshes/1x1_cube.uasset" 232
"../../../../../Unreal Engine Project/MindGamesVR/Content/VirtualReality/Materials/M_SplineArcMat.uasset" 233
"../../../../../Unreal Engine Project/MindGamesVR/Content/VirtualReality/Materials/MI_ChaperoneOutline.uasset" 234
"../../../../../Unreal Engine Project/MindGamesVR/Content/VirtualReality/Mannequin/Character/Mesh/MannequinHand_Right_PhysicsAsset.uasset" 235
"../../../../../Unreal Engine Project/MindGamesVR/Content/VirtualReality/Mannequin/Character/Textures/UE4_Mannequin_MAT_MASKA.uasset" 236
"../../../../../Unreal Engine Project/MindGamesVR/Content/VirtualReality/Mannequin/Character/Textures/UE4_Mannequin__normals.uasset" 237
"../../../../../Unreal Engine Project/MindGamesVR/Content/VirtualReality/Mannequin/Character/Materials/M_HandMat.uasset" 238
"../../../../../Unreal Engine Project/MindGamesVR/Content/VirtualReality/Mannequin/Character/Mesh/MannequinHand_Right_Skeleton.uasset" 239
"../../../../../Unreal Engine Project/MindGamesVR/Content/VirtualReality/Mannequin/Character/Mesh/MannequinHand_Right.uasset" 240
"../../../../../Unreal Engine Project/MindGamesVR/Content/VirtualRealityBP/Blueprints/GripEnum.uasset" 241
"../../../../../Unreal Engine Project/MindGamesVR/Content/VirtualReality/Mannequin/Animations/MannequinHand_Right_Open.uasset" 242
"../../../../../Unreal Engine Project/MindGamesVR/Content/VirtualReality/Mannequin/Animations/MannequinHand_Right_Grab.uasset" 243
"../../../../../Unreal Engine Project/MindGamesVR/Content/VirtualReality/Mannequin/Animations/MannequinHand_Right_CanGrab.uasset" 244
"../../../../../Unreal Engine Project/MindGamesVR/Content/VirtualReality/Mannequin/Animations/RightGrip_BS.uasset" 245
"../../../../../Unreal Engine Project/MindGamesVR/Content/VirtualReality/Mannequin/Animations/RightHand_AnimBP.uasset" 246
"../../../../../Unreal Engine Project/MindGamesVR/Content/VirtualRealityBP/Blueprints/BP_MotionController.uasset" 247
"../../../../../Unreal Engine Project/MindGamesVR/Content/VirtualRealityBP/Blueprints/MotionControllerPawn.uasset" 248
"../../../../../Unreal Engine Project/MindGamesVR/Content/Geometry/ladder/Farba_-_cie.uasset" 249
"../../../../../Unreal Engine Project/MindGamesVR/Content/Geometry/ladder/Kid_ladder_Object_8.uasset" 250
"../../../../../Unreal Engine Project/MindGamesVR/Content/Geometry/ladder/PEN_MATERIAL89.uasset" 251
"../../../../../Unreal Engine Project/MindGamesVR/Content/Geometry/ladder/Kid_ladder_Object_6.uasset" 252
"../../../../../Unreal Engine Project/MindGamesVR/Content/Geometry/ladder/Farba_-_Krlewsk.uasset" 253
"../../../../../Unreal Engine Project/MindGamesVR/Content/Geometry/ladder/Kid_ladder_Object_4.uasset" 254
"../../../../../Unreal Engine Project/MindGamesVR/Content/VirtualRealityBP/Maps/MotionControllerMap.umap" 255
"../../../Engine/Content/MapTemplates/Sky/DaylightAmbientCubemap.uasset" 256
"../../../../../Unreal Engine Project/MindGamesVR/Content/VirtualRealityBP/Maps/StartupMap_BuiltData.uasset" 257
"../../../../../Unreal Engine Project/MindGamesVR/Content/VirtualReality/Materials/GenericHMDMaterial.uasset" 258
"../../../../../Unreal Engine Project/MindGamesVR/Content/VirtualReality/Meshes/GenericHMD.uasset" 259
"../../../../../Unreal Engine Project/MindGamesVR/Content/VirtualRealityBP/Maps/StartupMap.umap" 260
"../../../Engine/Content/Maps/Entry_BuiltData.uasset" 261
"../../../Engine/Content/Maps/Entry.umap" 262
